# timestamp | duration | file | instruction | dir | modtime | etag | size | fileId | status | errorString | http result code | other size | other modtime | other etag | other fileId | other instruction
#=#=#=# Syncrun started  until  (0 msec)
13:09:45|303|Inga.iml|INST_NEW|Up|1461564317||3243||4||201|0|0|||INST_NONE|
13:09:45|255|README.md|INST_NEW|Up|1461654976||210||4||201|0|0|||INST_NONE|
13:09:45|409|ingalab.iml|INST_NEW|Up|1464526933||3198||4||201|0|0|||INST_NONE|
13:09:45|485|pom.xml|INST_NEW|Up|1461564308||2352||4||201|0|0|||INST_NONE|
13:09:45|195|src|INST_NEW|Up|1460580453||0||4||201|0|0|||INST_NONE|
13:09:45|238|src/main|INST_NEW|Up|1461314476||0||4||201|0|0|||INST_NONE|
13:09:46|356|src/main/java|INST_NEW|Up|1461314764||0||4||201|0|0|||INST_NONE|
13:09:46|363|src/main/java/hibernate|INST_NEW|Up|1461314764||0||4||201|0|0|||INST_NONE|
13:09:46|913|src/main/java/main|INST_NEW|Up|1464644332||0||4||201|0|0|||INST_NONE|
13:09:49|479|src/main/java/main/ExtractionParser.java|INST_NEW|Up|1461828932||1398||4||201|0|0|||INST_NONE|
13:09:49|324|src/main/java/main/FormUtil.java|INST_NEW|Up|1462896805||1830||4||201|0|0|||INST_NONE|
13:09:49|415|src/main/java/main/HibernateUtil.java|INST_NEW|Up|1464390348||1693||4||201|0|0|||INST_NONE|
13:09:49|247|src/main/java/main/ImportException.java|INST_NEW|Up|1461564650||187||4||201|0|0|||INST_NONE|
13:09:49|538|src/main/java/main/ImportUtil.java|INST_NEW|Up|1462894472||2932||4||201|0|0|||INST_NONE|
13:09:49|611|src/main/java/main/MainFrame.form|INST_NEW|Up|1462896050||27574||4||201|0|0|||INST_NONE|
13:09:49|1094|src/main/java/main/MainFrame.java|INST_NEW|Up|1464529173||29819||4||201|0|0|||INST_NONE|
13:09:49|720|src/main/java/main/SQLAdapter.java|INST_NEW|Up|1464644332||9180||4||201|0|0|||INST_NONE|
13:09:49|789|src/main/java/main/SQLReader.java|INST_NEW|Up|1461372816||916||4||201|0|0|||INST_NONE|
13:09:46|293|src/main/java/model|INST_NEW|Up|1464528980||0||4||201|0|0|||INST_NONE|
13:09:50|1977|src/main/java/model/Chemistry.java|INST_NEW|Up|1461350262||5464||4||201|0|0|||INST_NONE|
13:09:49|901|src/main/java/model/Chlorophyll.java|INST_NEW|Up|1461319467||2212||4||201|0|0|||INST_NONE|
13:09:49|988|src/main/java/model/Collector.java|INST_NEW|Up|1461317466||617||4||201|0|0|||INST_NONE|
13:09:49|1165|src/main/java/model/Converted.java|INST_NEW|Up|1461317466||835||4||201|0|0|||INST_NONE|
13:09:50|1252|src/main/java/model/DNA.java|INST_NEW|Up|1461317466||655||4||201|0|0|||INST_NONE|
13:09:49|1102|src/main/java/model/Expansion.java|INST_NEW|Up|1460647371||113||4||201|0|0|||INST_NONE|
13:09:50|1317|src/main/java/model/Extraction.java|INST_NEW|Up|1462481616||4085||4||201|0|0|||INST_NONE|
13:09:50|1610|src/main/java/model/ExtractionWeight.java|INST_NEW|Up|1464528980||1607||4||201|0|0|||INST_NONE|
13:09:50|1471|src/main/java/model/ExtrafloralNectaries.java|INST_NEW|Up|1461319467||2663||4||201|0|0|||INST_NONE|
13:09:50|1406|src/main/java/model/Field.java|INST_NEW|Up|1461319621||4837||4||201|0|0|||INST_NONE|
13:09:50|1858|src/main/java/model/HPLC_Result.java|INST_NEW|Up|1461318567||1055||4||201|0|0|||INST_NONE|
13:09:50|1543|src/main/java/model/Hairs.java|INST_NEW|Up|1460647371||109||4||201|0|0|||INST_NONE|
13:09:50|1748|src/main/java/model/HerbivoreCollectionObservation.java|INST_NEW|Up|1461318567||1629||4||201|0|0|||INST_NONE|
13:09:50|1680|src/main/java/model/HerbivoreDNA.java|INST_NEW|Up|1461318568||1007||4||201|0|0|||INST_NONE|
13:09:50|1960|src/main/java/model/HerbivorePhotos.java|INST_NEW|Up|1461133005||759||4||201|0|0|||INST_NONE|
13:09:50|2051|src/main/java/model/HerbivoreSpecies.java|INST_NEW|Up|1461318568||3559||4||201|0|0|||INST_NONE|
13:09:50|2108|src/main/java/model/HerbivoreSpeciesObservation.java|INST_NEW|Up|1461319708||1182||4||201|0|0|||INST_NONE|
13:09:50|2170|src/main/java/model/HerbivoreVoucher.java|INST_NEW|Up|1461318567||847||4||201|0|0|||INST_NONE|
13:09:51|2402|src/main/java/model/Herbivory.java|INST_NEW|Up|1461318821||2050||4||201|0|0|||INST_NONE|
13:09:51|2295|src/main/java/model/LeafMassArea.java|INST_NEW|Up|1461319467||2282||4||201|0|0|||INST_NONE|
13:09:51|2737|src/main/java/model/Location.java|INST_NEW|Up|1461318567||1812||4||201|0|0|||INST_NONE|
13:09:51|2548|src/main/java/model/Method.java|INST_NEW|Up|1461318567||838||4||201|0|0|||INST_NONE|
13:09:51|2642|src/main/java/model/MethodResult.java|INST_NEW|Up|1461318568||1282||4||201|0|0|||INST_NONE|
13:09:51|2949|src/main/java/model/Nitrogen.java|INST_NEW|Up|1461319467||3658||4||201|0|0|||INST_NONE|
13:09:51|2471|src/main/java/model/Plant.java|INST_NEW|Up|1461359443||4243||4||201|0|0|||INST_NONE|
13:09:51|2834|src/main/java/model/PlantDNA.java|INST_NEW|Up|1461318567||933||4||201|0|0|||INST_NONE|
13:09:51|3071|src/main/java/model/PlantPhoto.java|INST_NEW|Up|1461318568||887||4||201|0|0|||INST_NONE|
13:09:53|4875|src/main/java/model/PlantSpecies.java|INST_NEW|Up|1461318567||2003||4||201|0|0|||INST_NONE|
13:09:51|3154|src/main/java/model/RAW.java|INST_NEW|Up|1461318567||610||4||201|0|0|||INST_NONE|
13:09:52|3487|src/main/java/model/RTI_QC.java|INST_NEW|Up|1461319678||1513||4||201|0|0|||INST_NONE|
13:09:52|3799|src/main/java/model/RTI_QCMember.java|INST_NEW|Up|1461318567||1234||4||201|0|0|||INST_NONE|
13:09:52|3688|src/main/java/model/Site.java|INST_NEW|Up|1461317061||4237||4||201|0|0|||INST_NONE|
13:09:51|3280|src/main/java/model/Toughness.java|INST_NEW|Up|1460647371||113||4||201|0|0|||INST_NONE|
13:09:51|3374|src/main/java/model/Trait.java|INST_NEW|Up|1461318821||565||4||201|0|0|||INST_NONE|
13:09:52|3903|src/main/java/model/UPLC_Result.java|INST_NEW|Up|1461318568||6349||4||201|0|0|||INST_NONE|
13:09:52|3582|src/main/java/model/Voucher.java|INST_NEW|Up|1461318567||433||4||201|0|0|||INST_NONE|
13:09:46|348|src/main/resources|INST_NEW|Up|1462795576||0||4||201|0|0|||INST_NONE|
13:09:47|1011|src/main/resources/hibernate.cfg.xml|INST_NEW|Up|1462795576||2286||4||201|0|0|||INST_NONE|
13:09:45|261|src/test|INST_NEW|Up|1460580453||0||4||201|0|0|||INST_NONE|
13:09:46|355|src/test/java|INST_NEW|Up|1461321709||0||4||201|0|0|||INST_NONE|
13:09:46|567|src/test/java/PersistenceTest.java|INST_NEW|Up|1461321709||496||4||201|0|0|||INST_NONE|
13:09:45|375|target|INST_NEW|Up|1461319166||0||4||201|0|0|||INST_NONE|
13:09:45|244|target/classes|INST_NEW|Up|1462795632||0||4||201|0|0|||INST_NONE|
13:09:46|346|target/classes/com|INST_NEW|Up|1461559154||0||4||201|0|0|||INST_NONE|
13:09:46|304|target/classes/com/intellij|INST_NEW|Up|1461559154||0||4||201|0|0|||INST_NONE|
13:09:48|301|target/classes/com/intellij/uiDesigner|INST_NEW|Up|1461559154||0||4||201|0|0|||INST_NONE|
13:09:48|335|target/classes/com/intellij/uiDesigner/core|INST_NEW|Up|1461559154||0||4||201|0|0|||INST_NONE|
13:09:55|6751|target/classes/com/intellij/uiDesigner/core/AbstractLayout.class|INST_NEW|Up|1464643790||5033||4||201|0|0|||INST_NONE|
13:09:55|6596|target/classes/com/intellij/uiDesigner/core/DimensionInfo.class|INST_NEW|Up|1464643790||6115||4||201|0|0|||INST_NONE|
13:09:55|6940|target/classes/com/intellij/uiDesigner/core/GridConstraints.class|INST_NEW|Up|1464643790||8089||4||201|0|0|||INST_NONE|
13:09:55|6683|target/classes/com/intellij/uiDesigner/core/GridLayoutManager.class|INST_NEW|Up|1464643790||17977||4||201|0|0|||INST_NONE|
13:09:55|7031|target/classes/com/intellij/uiDesigner/core/HorizontalInfo.class|INST_NEW|Up|1464643790||2140||4||201|0|0|||INST_NONE|
13:09:56|7191|target/classes/com/intellij/uiDesigner/core/LayoutState.class|INST_NEW|Up|1464643790||2135||4||201|0|0|||INST_NONE|
13:09:55|6893|target/classes/com/intellij/uiDesigner/core/Spacer.class|INST_NEW|Up|1464643790||547||4||201|0|0|||INST_NONE|
13:09:55|7101|target/classes/com/intellij/uiDesigner/core/SupportCode$TextWithMnemonic.class|INST_NEW|Up|1464643790||1663||4||201|0|0|||INST_NONE|
13:09:56|7276|target/classes/com/intellij/uiDesigner/core/SupportCode.class|INST_NEW|Up|1464643790||2032||4||201|0|0|||INST_NONE|
13:09:56|7313|target/classes/com/intellij/uiDesigner/core/Util.class|INST_NEW|Up|1464643790||3551||4||201|0|0|||INST_NONE|
13:09:56|7376|target/classes/com/intellij/uiDesigner/core/VerticalInfo.class|INST_NEW|Up|1464643790||2127||4||201|0|0|||INST_NONE|
13:09:46|366|target/classes/hibernate.cfg.xml|INST_NEW|Up|1464469385||2286||4||201|0|0|||INST_NONE|
13:09:46|333|target/classes/main|INST_NEW|Up|1464644375||0||4||201|0|0|||INST_NONE|
13:09:47|688|target/classes/main/ExtractionParser.class|INST_NEW|Up|1464469400||283||4||201|0|0|||INST_NONE|
13:09:47|739|target/classes/main/FormUtil.class|INST_NEW|Up|1464469402||2123||4||201|0|0|||INST_NONE|
13:09:47|879|target/classes/main/HibernateUtil.class|INST_NEW|Up|1464469401||2399||4||201|0|0|||INST_NONE|
13:09:47|597|target/classes/main/ImportException.class|INST_NEW|Up|1464469401||341||4||201|0|0|||INST_NONE|
13:09:47|1027|target/classes/main/ImportUtil.class|INST_NEW|Up|1464469401||3788||4||201|0|0|||INST_NONE|
13:09:47|1097|target/classes/main/MainFrame$1.class|INST_NEW|Up|1464643794||4739||4||201|0|0|||INST_NONE|
13:09:47|953|target/classes/main/MainFrame$2.class|INST_NEW|Up|1464643794||443||4||201|0|0|||INST_NONE|
13:09:47|1218|target/classes/main/MainFrame$3.class|INST_NEW|Up|1464643794||1905||4||201|0|0|||INST_NONE|
13:09:47|1160|target/classes/main/MainFrame$4.class|INST_NEW|Up|1464643794||639||4||201|0|0|||INST_NONE|
13:09:47|1358|target/classes/main/MainFrame$5.class|INST_NEW|Up|1464643794||639||4||201|0|0|||INST_NONE|
13:09:47|1280|target/classes/main/MainFrame$6.class|INST_NEW|Up|1464643794||639||4||201|0|0|||INST_NONE|
13:09:48|1967|target/classes/main/MainFrame.class|INST_NEW|Up|1464643795||13773||4||201|0|0|||INST_NONE|
13:09:47|1385|target/classes/main/SQLAdapter.class|INST_NEW|Up|1464644375||8884||4||201|0|0|||INST_NONE|
13:09:48|1420|target/classes/main/SQLReader.class|INST_NEW|Up|1464469404||1861||4||201|0|0|||INST_NONE|
13:09:47|449|target/classes/model|INST_NEW|Up|1464529026||0||4||201|0|0|||INST_NONE|
13:09:52|3978|target/classes/model/Chemistry.class|INST_NEW|Up|1464469401||5717||4||201|0|0|||INST_NONE|
13:09:52|4186|target/classes/model/Chlorophyll.class|INST_NEW|Up|1464469402||2465||4||201|0|0|||INST_NONE|
13:09:53|4260|target/classes/model/Collector.class|INST_NEW|Up|1464469404||963||4||201|0|0|||INST_NONE|
13:09:52|4043|target/classes/model/Converted.class|INST_NEW|Up|1464469401||1009||4||201|0|0|||INST_NONE|
13:09:53|4322|target/classes/model/DNA.class|INST_NEW|Up|1464469401||957||4||201|0|0|||INST_NONE|
13:09:52|4117|target/classes/model/Expansion.class|INST_NEW|Up|1464469401||259||4||201|0|0|||INST_NONE|
13:09:53|4393|target/classes/model/Extraction.class|INST_NEW|Up|1464469401||3697||4||201|0|0|||INST_NONE|
13:09:53|4519|target/classes/model/ExtractionWeight.class|INST_NEW|Up|1464529027||1804||4||201|0|0|||INST_NONE|
13:09:53|4465|target/classes/model/ExtrafloralNectaries.class|INST_NEW|Up|1464469400||2782||4||201|0|0|||INST_NONE|
13:09:53|4665|target/classes/model/Field.class|INST_NEW|Up|1464469402||5346||4||201|0|0|||INST_NONE|
13:09:53|4743|target/classes/model/HPLC_Result.class|INST_NEW|Up|1464469403||1254||4||201|0|0|||INST_NONE|
13:09:53|4617|target/classes/model/Hairs.class|INST_NEW|Up|1464469405||247||4||201|0|0|||INST_NONE|
13:09:53|4882|target/classes/model/HerbivoreCollectionObservation.class|INST_NEW|Up|1464469402||1880||4||201|0|0|||INST_NONE|
13:09:53|4797|target/classes/model/HerbivoreDNA.class|INST_NEW|Up|1464469401||1342||4||201|0|0|||INST_NONE|
13:09:53|5012|target/classes/model/HerbivorePhotos.class|INST_NEW|Up|1464469400||997||4||201|0|0|||INST_NONE|
13:09:53|4945|target/classes/model/HerbivoreSpecies.class|INST_NEW|Up|1464469401||3421||4||201|0|0|||INST_NONE|
13:09:54|5135|target/classes/model/HerbivoreSpeciesObservation.class|INST_NEW|Up|1464469401||1341||4||201|0|0|||INST_NONE|
13:09:53|5078|target/classes/model/HerbivoreVoucher.class|INST_NEW|Up|1464469400||1061||4||201|0|0|||INST_NONE|
13:09:54|5353|target/classes/model/Herbivory.class|INST_NEW|Up|1464469401||2329||4||201|0|0|||INST_NONE|
13:09:54|5217|target/classes/model/LeafMassArea.class|INST_NEW|Up|1464469401||2352||4||201|0|0|||INST_NONE|
13:09:54|5285|target/classes/model/Location.class|INST_NEW|Up|1464469401||2061||4||201|0|0|||INST_NONE|
13:09:54|5417|target/classes/model/Method.class|INST_NEW|Up|1464469401||1005||4||201|0|0|||INST_NONE|
13:09:54|5552|target/classes/model/MethodResult.class|INST_NEW|Up|1464469401||1558||4||201|0|0|||INST_NONE|
13:09:54|5490|target/classes/model/Nitrogen.class|INST_NEW|Up|1464469401||3110||4||201|0|0|||INST_NONE|
13:09:54|5764|target/classes/model/Plant.class|INST_NEW|Up|1464469400||4859||4||201|0|0|||INST_NONE|
13:09:54|5700|target/classes/model/PlantDNA.class|INST_NEW|Up|1464469404||1284||4||201|0|0|||INST_NONE|
13:09:54|5631|target/classes/model/PlantPhoto.class|INST_NEW|Up|1464469403||1142||4||201|0|0|||INST_NONE|
13:09:54|5926|target/classes/model/PlantSpecies.class|INST_NEW|Up|1464469400||2119||4||201|0|0|||INST_NONE|
13:09:54|5847|target/classes/model/RAW.class|INST_NEW|Up|1464469404||807||4||201|0|0|||INST_NONE|
13:09:54|6018|target/classes/model/RTI_QC.class|INST_NEW|Up|1464469404||2068||4||201|0|0|||INST_NONE|
13:09:54|6066|target/classes/model/RTI_QCMember.class|INST_NEW|Up|1464469402||1510||4||201|0|0|||INST_NONE|
13:09:55|6229|target/classes/model/Site.class|INST_NEW|Up|1464469400||3716||4||201|0|0|||INST_NONE|
13:09:55|6157|target/classes/model/Toughness.class|INST_NEW|Up|1464469401||259||4||201|0|0|||INST_NONE|
13:09:55|6323|target/classes/model/Trait.class|INST_NEW|Up|1464469400||1013||4||201|0|0|||INST_NONE|
13:09:55|6376|target/classes/model/UPLC_Result.class|INST_NEW|Up|1464469404||6448||4||201|0|0|||INST_NONE|
13:09:55|6436|target/classes/model/Voucher.class|INST_NEW|Up|1464469400||654||4||201|0|0|||INST_NONE|
13:09:45|304|target/generated-sources|INST_NEW|Up|1460648232||0||4||201|0|0|||INST_NONE|
13:09:48|351|target/generated-sources/annotations|INST_NEW|Up|1460648232||0||4||201|0|0|||INST_NONE|
13:09:46|354|target/generated-test-sources|INST_NEW|Up|1461319166||0||4||201|0|0|||INST_NONE|
13:09:48|497|target/generated-test-sources/test-annotations|INST_NEW|Up|1461319166||0||4||201|0|0|||INST_NONE|
13:09:46|276|target/test-classes|INST_NEW|Up|1462481285||0||4||201|0|0|||INST_NONE|
13:09:55|6500|target/test-classes/PersistenceTest.class|INST_NEW|Up|1464469413||996||4||201|0|0|||INST_NONE|
13:09:48|380|target/test-classes/com|INST_NEW|Up|1461561090||0||4||201|0|0|||INST_NONE|
13:09:48|237|target/test-classes/com/intellij|INST_NEW|Up|1461561090||0||4||201|0|0|||INST_NONE|
13:09:49|242|target/test-classes/com/intellij/uiDesigner|INST_NEW|Up|1461561090||0||4||201|0|0|||INST_NONE|
13:09:56|164|target/test-classes/com/intellij/uiDesigner/core|INST_NEW|Up|1461561090||0||4||201|0|0|||INST_NONE|
13:09:56|228|target/test-classes/com/intellij/uiDesigner/core/AbstractLayout.class|INST_NEW|Up|1464382823||5155||4||201|0|0|||INST_NONE|
13:09:57|424|target/test-classes/com/intellij/uiDesigner/core/DimensionInfo.class|INST_NEW|Up|1464382823||6514||4||201|0|0|||INST_NONE|
13:09:57|307|target/test-classes/com/intellij/uiDesigner/core/GridConstraints.class|INST_NEW|Up|1464382823||8503||4||201|0|0|||INST_NONE|
13:09:57|611|target/test-classes/com/intellij/uiDesigner/core/GridLayoutManager.class|INST_NEW|Up|1464382823||19105||4||201|0|0|||INST_NONE|
13:09:57|583|target/test-classes/com/intellij/uiDesigner/core/HorizontalInfo.class|INST_NEW|Up|1464382823||2140||4||201|0|0|||INST_NONE|
13:09:57|736|target/test-classes/com/intellij/uiDesigner/core/LayoutState.class|INST_NEW|Up|1464382823||2204||4||201|0|0|||INST_NONE|
13:09:57|618|target/test-classes/com/intellij/uiDesigner/core/Spacer.class|INST_NEW|Up|1464382823||547||4||201|0|0|||INST_NONE|
13:09:57|972|target/test-classes/com/intellij/uiDesigner/core/SupportCode$TextWithMnemonic.class|INST_NEW|Up|1464382823||1703||4||201|0|0|||INST_NONE|
13:09:57|835|target/test-classes/com/intellij/uiDesigner/core/SupportCode.class|INST_NEW|Up|1464382823||2096||4||201|0|0|||INST_NONE|
13:09:57|897|target/test-classes/com/intellij/uiDesigner/core/Util.class|INST_NEW|Up|1464382823||3759||4||201|0|0|||INST_NONE|
13:09:57|966|target/test-classes/com/intellij/uiDesigner/core/VerticalInfo.class|INST_NEW|Up|1464382823||2127||4||201|0|0|||INST_NONE|
